GAS LISTING /tmp/ccpjaUUN.s 			page 1


   1              		.file	"_new.cpp"
   2              		.option pic
   3              		.option norelax
   4              		.text
   5              	.Ltext0:
   6              		.align	2
   7              		.globl	_Znwm
   9              	_Znwm:
  10              	.LFB0:
  11              		.file 1 "src/_new.cpp"
   1:src/_new.cpp  **** //
   2:src/_new.cpp  **** // Created by os on 8/13/22.
   3:src/_new.cpp  **** //
   4:src/_new.cpp  **** #include "../h/syscall_c.h"
   5:src/_new.cpp  **** #include "../h/MemoryAllocator.hpp"
   6:src/_new.cpp  **** 
   7:src/_new.cpp  **** void* operator new(uint64 n){
  12              		.loc 1 7 29
  13              		.cfi_startproc
  14              	.LVL0:
  15 0000 130101FF 		addi	sp,sp,-16
  16              		.cfi_def_cfa_offset 16
  17 0004 23341100 		sd	ra,8(sp)
  18 0008 23308100 		sd	s0,0(sp)
  19              		.cfi_offset 1, -8
  20              		.cfi_offset 8, -16
  21 000c 13040101 		addi	s0,sp,16
  22              		.cfi_def_cfa 8, 0
   8:src/_new.cpp  ****     return mem_alloc(n+ sizeof(MemoryAllocator::MemDescr));
  23              		.loc 1 8 5
  24              		.loc 1 8 21 is_stmt 0
  25 0010 13058502 		addi	a0,a0,40
  26              	.LVL1:
  27 0014 97000000 		call	_Z9mem_allocm@plt
  27      E7800000 
  28              	.LVL2:
   9:src/_new.cpp  **** }
  29              		.loc 1 9 1
  30 001c 83308100 		ld	ra,8(sp)
  31              		.cfi_restore 1
  32 0020 03340100 		ld	s0,0(sp)
  33              		.cfi_restore 8
  34              		.cfi_def_cfa 2, 16
  35 0024 13010101 		addi	sp,sp,16
  36              		.cfi_def_cfa_offset 0
  37 0028 67800000 		jr	ra
  38              		.cfi_endproc
  39              	.LFE0:
  41              		.align	2
  42              		.globl	_Znam
  44              	_Znam:
  45              	.LFB1:
  10:src/_new.cpp  **** void* operator new[](uint64 n){
  46              		.loc 1 10 31 is_stmt 1
  47              		.cfi_startproc
  48              	.LVL3:
  49 002c 130101FF 		addi	sp,sp,-16
GAS LISTING /tmp/ccpjaUUN.s 			page 2


  50              		.cfi_def_cfa_offset 16
  51 0030 23341100 		sd	ra,8(sp)
  52 0034 23308100 		sd	s0,0(sp)
  53              		.cfi_offset 1, -8
  54              		.cfi_offset 8, -16
  55 0038 13040101 		addi	s0,sp,16
  56              		.cfi_def_cfa 8, 0
  11:src/_new.cpp  ****     return mem_alloc(n+ sizeof(MemoryAllocator::MemDescr));
  57              		.loc 1 11 5
  58              		.loc 1 11 21 is_stmt 0
  59 003c 13058502 		addi	a0,a0,40
  60              	.LVL4:
  61 0040 97000000 		call	_Z9mem_allocm@plt
  61      E7800000 
  62              	.LVL5:
  12:src/_new.cpp  **** }
  63              		.loc 1 12 1
  64 0048 83308100 		ld	ra,8(sp)
  65              		.cfi_restore 1
  66 004c 03340100 		ld	s0,0(sp)
  67              		.cfi_restore 8
  68              		.cfi_def_cfa 2, 16
  69 0050 13010101 		addi	sp,sp,16
  70              		.cfi_def_cfa_offset 0
  71 0054 67800000 		jr	ra
  72              		.cfi_endproc
  73              	.LFE1:
  75              		.align	2
  76              		.globl	_ZdlPv
  78              	_ZdlPv:
  79              	.LFB2:
  13:src/_new.cpp  **** void operator delete(void* p) noexcept{
  80              		.loc 1 13 39 is_stmt 1
  81              		.cfi_startproc
  82              		.cfi_personality 0x9b,DW.ref.__gxx_personality_v0
  83              		.cfi_lsda 0x1b,.LLSDA2
  84              	.LVL6:
  85 0058 130101FF 		addi	sp,sp,-16
  86              		.cfi_def_cfa_offset 16
  87 005c 23341100 		sd	ra,8(sp)
  88 0060 23308100 		sd	s0,0(sp)
  89              		.cfi_offset 1, -8
  90              		.cfi_offset 8, -16
  91 0064 13040101 		addi	s0,sp,16
  92              		.cfi_def_cfa 8, 0
  14:src/_new.cpp  ****     mem_free(p);
  93              		.loc 1 14 5
  94              		.loc 1 14 13 is_stmt 0
  95 0068 97000000 		call	_Z8mem_freePv@plt
  95      E7800000 
  96              	.LVL7:
  15:src/_new.cpp  **** }
  97              		.loc 1 15 1
  98 0070 83308100 		ld	ra,8(sp)
  99              		.cfi_restore 1
 100 0074 03340100 		ld	s0,0(sp)
 101              		.cfi_restore 8
GAS LISTING /tmp/ccpjaUUN.s 			page 3


 102              		.cfi_def_cfa 2, 16
 103 0078 13010101 		addi	sp,sp,16
 104              		.cfi_def_cfa_offset 0
 105 007c 67800000 		jr	ra
 106              		.cfi_endproc
 107              	.LFE2:
 108              		.globl	__gxx_personality_v0
 109              		.section	.gcc_except_table,"a",@progbits
 110              	.LLSDA2:
 111 0000 FF       		.byte	0xff
 112 0001 FF       		.byte	0xff
 113 0002 03       		.byte	0x3
 114 0003 00       		.byte	0
 115              		.text
 117              		.align	2
 118              		.globl	_ZdaPv
 120              	_ZdaPv:
 121              	.LFB3:
  16:src/_new.cpp  **** void operator delete[](void* p) noexcept{
 122              		.loc 1 16 41 is_stmt 1
 123              		.cfi_startproc
 124              		.cfi_personality 0x9b,DW.ref.__gxx_personality_v0
 125              		.cfi_lsda 0x1b,.LLSDA3
 126              	.LVL8:
 127 0080 130101FF 		addi	sp,sp,-16
 128              		.cfi_def_cfa_offset 16
 129 0084 23341100 		sd	ra,8(sp)
 130 0088 23308100 		sd	s0,0(sp)
 131              		.cfi_offset 1, -8
 132              		.cfi_offset 8, -16
 133 008c 13040101 		addi	s0,sp,16
 134              		.cfi_def_cfa 8, 0
  17:src/_new.cpp  ****     mem_free(p);
 135              		.loc 1 17 5
 136              		.loc 1 17 13 is_stmt 0
 137 0090 97000000 		call	_Z8mem_freePv@plt
 137      E7800000 
 138              	.LVL9:
  18:src/_new.cpp  **** }...
 139              		.loc 1 18 1
 140 0098 83308100 		ld	ra,8(sp)
 141              		.cfi_restore 1
 142 009c 03340100 		ld	s0,0(sp)
 143              		.cfi_restore 8
 144              		.cfi_def_cfa 2, 16
 145 00a0 13010101 		addi	sp,sp,16
 146              		.cfi_def_cfa_offset 0
 147 00a4 67800000 		jr	ra
 148              		.cfi_endproc
 149              	.LFE3:
 150              		.section	.gcc_except_table
 151              	.LLSDA3:
 152 0004 FF       		.byte	0xff
 153 0005 FF       		.byte	0xff
 154 0006 03       		.byte	0x3
 155 0007 00       		.byte	0
 156              		.text
GAS LISTING /tmp/ccpjaUUN.s 			page 4


 158              	.Letext0:
 159              		.file 2 "src/../h/../lib/hw.h"
 160              		.file 3 "src/../h/syscall_c.h"
 836              		.align	3
 839              	DW.ref.__gxx_personality_v0:
 840 0000 00000000 		.dword	__gxx_personality_v0
 840      00000000 
 841              		.ident	"GCC: (Ubuntu 9.4.0-1ubuntu1~20.04) 9.4.0"
 842              		.section	.note.GNU-stack,"",@progbits
GAS LISTING /tmp/ccpjaUUN.s 			page 5


DEFINED SYMBOLS
                            *ABS*:0000000000000000 _new.cpp
     /tmp/ccpjaUUN.s:9      .text:0000000000000000 _Znwm
     /tmp/ccpjaUUN.s:13     .text:0000000000000000 .L0 
     /tmp/ccpjaUUN.s:15     .text:0000000000000000 .L0 
     /tmp/ccpjaUUN.s:16     .text:0000000000000004 .L0 
     /tmp/ccpjaUUN.s:19     .text:000000000000000c .L0 
     /tmp/ccpjaUUN.s:20     .text:000000000000000c .L0 
     /tmp/ccpjaUUN.s:22     .text:0000000000000010 .L0 
     /tmp/ccpjaUUN.s:24     .text:0000000000000010 .L0 
     /tmp/ccpjaUUN.s:25     .text:0000000000000010 .L0 
     /tmp/ccpjaUUN.s:30     .text:000000000000001c .L0 
     /tmp/ccpjaUUN.s:31     .text:0000000000000020 .L0 
     /tmp/ccpjaUUN.s:33     .text:0000000000000024 .L0 
     /tmp/ccpjaUUN.s:34     .text:0000000000000024 .L0 
     /tmp/ccpjaUUN.s:36     .text:0000000000000028 .L0 
     /tmp/ccpjaUUN.s:38     .text:000000000000002c .L0 
     /tmp/ccpjaUUN.s:44     .text:000000000000002c _Znam
     /tmp/ccpjaUUN.s:47     .text:000000000000002c .L0 
     /tmp/ccpjaUUN.s:49     .text:000000000000002c .L0 
     /tmp/ccpjaUUN.s:50     .text:0000000000000030 .L0 
     /tmp/ccpjaUUN.s:53     .text:0000000000000038 .L0 
     /tmp/ccpjaUUN.s:54     .text:0000000000000038 .L0 
     /tmp/ccpjaUUN.s:56     .text:000000000000003c .L0 
     /tmp/ccpjaUUN.s:58     .text:000000000000003c .L0 
     /tmp/ccpjaUUN.s:59     .text:000000000000003c .L0 
     /tmp/ccpjaUUN.s:64     .text:0000000000000048 .L0 
     /tmp/ccpjaUUN.s:65     .text:000000000000004c .L0 
     /tmp/ccpjaUUN.s:67     .text:0000000000000050 .L0 
     /tmp/ccpjaUUN.s:68     .text:0000000000000050 .L0 
     /tmp/ccpjaUUN.s:70     .text:0000000000000054 .L0 
     /tmp/ccpjaUUN.s:72     .text:0000000000000058 .L0 
     /tmp/ccpjaUUN.s:78     .text:0000000000000058 _ZdlPv
     /tmp/ccpjaUUN.s:81     .text:0000000000000058 .L0 
     /tmp/ccpjaUUN.s:839    .data.rel.local.DW.ref.__gxx_personality_v0:0000000000000000 DW.ref.__gxx_personality_v0
     /tmp/ccpjaUUN.s:85     .text:0000000000000058 .L0 
     /tmp/ccpjaUUN.s:86     .text:000000000000005c .L0 
     /tmp/ccpjaUUN.s:89     .text:0000000000000064 .L0 
     /tmp/ccpjaUUN.s:90     .text:0000000000000064 .L0 
     /tmp/ccpjaUUN.s:92     .text:0000000000000068 .L0 
     /tmp/ccpjaUUN.s:94     .text:0000000000000068 .L0 
     /tmp/ccpjaUUN.s:95     .text:0000000000000068 .L0 
     /tmp/ccpjaUUN.s:98     .text:0000000000000070 .L0 
     /tmp/ccpjaUUN.s:99     .text:0000000000000074 .L0 
     /tmp/ccpjaUUN.s:101    .text:0000000000000078 .L0 
     /tmp/ccpjaUUN.s:102    .text:0000000000000078 .L0 
     /tmp/ccpjaUUN.s:104    .text:000000000000007c .L0 
     /tmp/ccpjaUUN.s:106    .text:0000000000000080 .L0 
     /tmp/ccpjaUUN.s:120    .text:0000000000000080 _ZdaPv
     /tmp/ccpjaUUN.s:123    .text:0000000000000080 .L0 
     /tmp/ccpjaUUN.s:127    .text:0000000000000080 .L0 
     /tmp/ccpjaUUN.s:128    .text:0000000000000084 .L0 
     /tmp/ccpjaUUN.s:131    .text:000000000000008c .L0 
     /tmp/ccpjaUUN.s:132    .text:000000000000008c .L0 
     /tmp/ccpjaUUN.s:134    .text:0000000000000090 .L0 
     /tmp/ccpjaUUN.s:136    .text:0000000000000090 .L0 
     /tmp/ccpjaUUN.s:137    .text:0000000000000090 .L0 
GAS LISTING /tmp/ccpjaUUN.s 			page 6


     /tmp/ccpjaUUN.s:140    .text:0000000000000098 .L0 
     /tmp/ccpjaUUN.s:141    .text:000000000000009c .L0 
     /tmp/ccpjaUUN.s:143    .text:00000000000000a0 .L0 
     /tmp/ccpjaUUN.s:144    .text:00000000000000a0 .L0 
     /tmp/ccpjaUUN.s:146    .text:00000000000000a4 .L0 
     /tmp/ccpjaUUN.s:148    .text:00000000000000a8 .L0 
     /tmp/ccpjaUUN.s:161    .text:00000000000000a8 .L0 
     /tmp/ccpjaUUN.s:433    .debug_abbrev:0000000000000000 .Ldebug_abbrev0
     /tmp/ccpjaUUN.s:797    .debug_str:00000000000000ce .LASF30
     /tmp/ccpjaUUN.s:781    .debug_str:000000000000005a .LASF31
     /tmp/ccpjaUUN.s:811    .debug_str:00000000000001e8 .LASF32
     /tmp/ccpjaUUN.s:5      .text:0000000000000000 .Ltext0
     /tmp/ccpjaUUN.s:158    .text:00000000000000a8 .Letext0
     /tmp/ccpjaUUN.s:765    .debug_line:0000000000000000 .Ldebug_line0
     /tmp/ccpjaUUN.s:801    .debug_str:00000000000001a0 .LASF0
     /tmp/ccpjaUUN.s:793    .debug_str:00000000000000af .LASF1
     /tmp/ccpjaUUN.s:787    .debug_str:0000000000000089 .LASF2
     /tmp/ccpjaUUN.s:777    .debug_str:000000000000003d .LASF4
     /tmp/ccpjaUUN.s:791    .debug_str:000000000000009d .LASF3
     /tmp/ccpjaUUN.s:771    .debug_str:0000000000000021 .LASF5
     /tmp/ccpjaUUN.s:769    .debug_str:000000000000000e .LASF6
     /tmp/ccpjaUUN.s:783    .debug_str:0000000000000067 .LASF7
     /tmp/ccpjaUUN.s:807    .debug_str:00000000000001c2 .LASF8
     /tmp/ccpjaUUN.s:775    .debug_str:000000000000002f .LASF9
     /tmp/ccpjaUUN.s:831    .debug_str:000000000000027d .LASF10
     /tmp/ccpjaUUN.s:785    .debug_str:000000000000007a .LASF11
     /tmp/ccpjaUUN.s:819    .debug_str:0000000000000239 .LASF12
     /tmp/ccpjaUUN.s:813    .debug_str:000000000000020d .LASF13
     /tmp/ccpjaUUN.s:795    .debug_str:00000000000000c2 .LASF14
     /tmp/ccpjaUUN.s:779    .debug_str:0000000000000044 .LASF15
     /tmp/ccpjaUUN.s:809    .debug_str:00000000000001d2 .LASF16
     /tmp/ccpjaUUN.s:805    .debug_str:00000000000001bd .LASF17
     /tmp/ccpjaUUN.s:817    .debug_str:0000000000000226 .LASF18
     /tmp/ccpjaUUN.s:773    .debug_str:0000000000000028 .LASF20
     /tmp/ccpjaUUN.s:121    .text:0000000000000080 .LFB3
     /tmp/ccpjaUUN.s:149    .text:00000000000000a8 .LFE3
     /tmp/ccpjaUUN.s:684    .debug_loc:0000000000000000 .LLST3
     /tmp/ccpjaUUN.s:138    .text:0000000000000098 .LVL9
     /tmp/ccpjaUUN.s:803    .debug_str:00000000000001ad .LASF19
     /tmp/ccpjaUUN.s:821    .debug_str:0000000000000249 .LASF21
     /tmp/ccpjaUUN.s:79     .text:0000000000000058 .LFB2
     /tmp/ccpjaUUN.s:107    .text:0000000000000080 .LFE2
     /tmp/ccpjaUUN.s:698    .debug_loc:0000000000000039 .LLST2
     /tmp/ccpjaUUN.s:96     .text:0000000000000070 .LVL7
     /tmp/ccpjaUUN.s:827    .debug_str:0000000000000267 .LASF22
     /tmp/ccpjaUUN.s:789    .debug_str:0000000000000097 .LASF24
     /tmp/ccpjaUUN.s:45     .text:000000000000002c .LFB1
     /tmp/ccpjaUUN.s:73     .text:0000000000000058 .LFE1
     /tmp/ccpjaUUN.s:712    .debug_loc:0000000000000072 .LLST1
     /tmp/ccpjaUUN.s:62     .text:0000000000000048 .LVL5
     /tmp/ccpjaUUN.s:823    .debug_str:0000000000000250 .LASF23
     /tmp/ccpjaUUN.s:829    .debug_str:0000000000000277 .LASF25
     /tmp/ccpjaUUN.s:10     .text:0000000000000000 .LFB0
     /tmp/ccpjaUUN.s:39     .text:000000000000002c .LFE0
     /tmp/ccpjaUUN.s:732    .debug_loc:00000000000000c0 .LLST0
     /tmp/ccpjaUUN.s:28     .text:000000000000001c .LVL2
     /tmp/ccpjaUUN.s:767    .debug_str:0000000000000000 .LASF26
GAS LISTING /tmp/ccpjaUUN.s 			page 7


     /tmp/ccpjaUUN.s:815    .debug_str:000000000000021d .LASF28
     /tmp/ccpjaUUN.s:799    .debug_str:0000000000000192 .LASF27
     /tmp/ccpjaUUN.s:825    .debug_str:000000000000025d .LASF29
     /tmp/ccpjaUUN.s:126    .text:0000000000000080 .LVL8
     /tmp/ccpjaUUN.s:84     .text:0000000000000058 .LVL6
     /tmp/ccpjaUUN.s:48     .text:000000000000002c .LVL3
     /tmp/ccpjaUUN.s:60     .text:0000000000000040 .LVL4
     /tmp/ccpjaUUN.s:14     .text:0000000000000000 .LVL0
     /tmp/ccpjaUUN.s:26     .text:0000000000000014 .LVL1
     /tmp/ccpjaUUN.s:162    .debug_info:0000000000000000 .Ldebug_info0
     /tmp/ccpjaUUN.s:110    .gcc_except_table:0000000000000000 .LLSDA2
     /tmp/ccpjaUUN.s:151    .gcc_except_table:0000000000000004 .LLSDA3

UNDEFINED SYMBOLS
_Z9mem_allocm
_Z8mem_freePv
__gxx_personality_v0
