GAS LISTING /tmp/cctCfjln.s 			page 1


   1              		.file	"PeriodicThread.cpp"
   2              		.option pic
   3              		.option norelax
   4              		.text
   5              	.Ltext0:
   6              		.section	.text._ZN6Thread3runEv,"axG",@progbits,_ZN6Thread3runEv,comdat
   7              		.align	2
   8              		.weak	_ZN6Thread3runEv
  10              	_ZN6Thread3runEv:
  11              	.LFB33:
  12              		.file 1 "src/../h/syscall_cpp.hpp"
   1:src/../h/syscall_cpp.hpp **** //
   2:src/../h/syscall_cpp.hpp **** // Created by os on 8/19/22.
   3:src/../h/syscall_cpp.hpp **** //
   4:src/../h/syscall_cpp.hpp **** 
   5:src/../h/syscall_cpp.hpp **** #ifndef PROJECT_BASE_V1_1_SYSCALL_CPP_HPP
   6:src/../h/syscall_cpp.hpp **** #define PROJECT_BASE_V1_1_SYSCALL_CPP_HPP
   7:src/../h/syscall_cpp.hpp **** 
   8:src/../h/syscall_cpp.hpp **** #include "syscall_c.h"
   9:src/../h/syscall_cpp.hpp **** #include "tcb.hpp"
  10:src/../h/syscall_cpp.hpp **** 
  11:src/../h/syscall_cpp.hpp **** class Thread{
  12:src/../h/syscall_cpp.hpp **** public:
  13:src/../h/syscall_cpp.hpp ****     Thread(void (*body)(void*),void* arg);
  14:src/../h/syscall_cpp.hpp ****     virtual ~Thread();
  15:src/../h/syscall_cpp.hpp ****     int start();
  16:src/../h/syscall_cpp.hpp ****     static void dispatch();
  17:src/../h/syscall_cpp.hpp ****     static int sleep(time_t);
  18:src/../h/syscall_cpp.hpp ****     static void wrapper(void* t);
  19:src/../h/syscall_cpp.hpp **** protected:
  20:src/../h/syscall_cpp.hpp ****     Thread();
  21:src/../h/syscall_cpp.hpp ****     virtual void run() {}
  13              		.loc 1 21 18
  14              		.cfi_startproc
  15              	.LVL0:
  16 0000 130101FF 		addi	sp,sp,-16
  17              		.cfi_def_cfa_offset 16
  18 0004 23348100 		sd	s0,8(sp)
  19              		.cfi_offset 8, -8
  20 0008 13040101 		addi	s0,sp,16
  21              		.cfi_def_cfa 8, 0
  22              		.loc 1 21 25 is_stmt 0
  23 000c 03348100 		ld	s0,8(sp)
  24              		.cfi_restore 8
  25              		.cfi_def_cfa 2, 16
  26 0010 13010101 		addi	sp,sp,16
  27              		.cfi_def_cfa_offset 0
  28 0014 67800000 		jr	ra
  29              		.cfi_endproc
  30              	.LFE33:
  32              		.section	.text._ZN14PeriodicThread18periodicActivationEv,"axG",@progbits,_ZN14PeriodicThread18peri
  33              		.align	2
  34              		.weak	_ZN14PeriodicThread18periodicActivationEv
  36              	_ZN14PeriodicThread18periodicActivationEv:
  37              	.LFB34:
  22:src/../h/syscall_cpp.hpp **** 
  23:src/../h/syscall_cpp.hpp **** private:
GAS LISTING /tmp/cctCfjln.s 			page 2


  24:src/../h/syscall_cpp.hpp ****     thread_t myHandle;
  25:src/../h/syscall_cpp.hpp **** };
  26:src/../h/syscall_cpp.hpp **** 
  27:src/../h/syscall_cpp.hpp **** 
  28:src/../h/syscall_cpp.hpp **** class Semaphore{
  29:src/../h/syscall_cpp.hpp **** public:
  30:src/../h/syscall_cpp.hpp ****     Semaphore(unsigned init=1);
  31:src/../h/syscall_cpp.hpp ****     virtual ~Semaphore();
  32:src/../h/syscall_cpp.hpp **** 
  33:src/../h/syscall_cpp.hpp ****     int wait();
  34:src/../h/syscall_cpp.hpp ****     int signal();
  35:src/../h/syscall_cpp.hpp **** 
  36:src/../h/syscall_cpp.hpp **** private:
  37:src/../h/syscall_cpp.hpp ****     sem_t myHandle;
  38:src/../h/syscall_cpp.hpp **** };
  39:src/../h/syscall_cpp.hpp **** class PeriodicThread: public Thread{
  40:src/../h/syscall_cpp.hpp **** protected:
  41:src/../h/syscall_cpp.hpp ****     PeriodicThread(time_t period);
  42:src/../h/syscall_cpp.hpp ****     virtual void periodicActivation(){}
  38              		.loc 1 42 18 is_stmt 1
  39              		.cfi_startproc
  40              	.LVL1:
  41 0000 130101FF 		addi	sp,sp,-16
  42              		.cfi_def_cfa_offset 16
  43 0004 23348100 		sd	s0,8(sp)
  44              		.cfi_offset 8, -8
  45 0008 13040101 		addi	s0,sp,16
  46              		.cfi_def_cfa 8, 0
  47              		.loc 1 42 39 is_stmt 0
  48 000c 03348100 		ld	s0,8(sp)
  49              		.cfi_restore 8
  50              		.cfi_def_cfa 2, 16
  51 0010 13010101 		addi	sp,sp,16
  52              		.cfi_def_cfa_offset 0
  53 0014 67800000 		jr	ra
  54              		.cfi_endproc
  55              	.LFE34:
  57              		.section	.text._ZN14PeriodicThreadD2Ev,"axG",@progbits,_ZN14PeriodicThreadD5Ev,comdat
  58              		.align	2
  59              		.weak	_ZN14PeriodicThreadD2Ev
  61              	_ZN14PeriodicThreadD2Ev:
  62              	.LFB44:
  39:src/../h/syscall_cpp.hpp **** protected:
  63              		.loc 1 39 7 is_stmt 1
  64              		.cfi_startproc
  65              	.LVL2:
  66 0000 130101FF 		addi	sp,sp,-16
  67              		.cfi_def_cfa_offset 16
  68 0004 23341100 		sd	ra,8(sp)
  69 0008 23308100 		sd	s0,0(sp)
  70              		.cfi_offset 1, -8
  71              		.cfi_offset 8, -16
  72 000c 13040101 		addi	s0,sp,16
  73              		.cfi_def_cfa 8, 0
  74              	.LBB5:
  39:src/../h/syscall_cpp.hpp **** protected:
  75              		.loc 1 39 7 is_stmt 0
GAS LISTING /tmp/cctCfjln.s 			page 3


  76 0010 97070000 		lla	a5,_ZTV14PeriodicThread+16
  76      93870700 
  77 0018 2330F500 		sd	a5,0(a0)
  78 001c 97000000 		call	_ZN6ThreadD2Ev@plt
  78      E7800000 
  79              	.LVL3:
  80              	.LBE5:
  81 0024 83308100 		ld	ra,8(sp)
  82              		.cfi_restore 1
  83 0028 03340100 		ld	s0,0(sp)
  84              		.cfi_restore 8
  85              		.cfi_def_cfa 2, 16
  86 002c 13010101 		addi	sp,sp,16
  87              		.cfi_def_cfa_offset 0
  88 0030 67800000 		jr	ra
  89              		.cfi_endproc
  90              	.LFE44:
  92              		.weak	_ZN14PeriodicThreadD1Ev
  93              		.set	_ZN14PeriodicThreadD1Ev,_ZN14PeriodicThreadD2Ev
  94              		.section	.text._ZN14PeriodicThreadD0Ev,"axG",@progbits,_ZN14PeriodicThreadD5Ev,comdat
  95              		.align	2
  96              		.weak	_ZN14PeriodicThreadD0Ev
  98              	_ZN14PeriodicThreadD0Ev:
  99              	.LFB46:
  39:src/../h/syscall_cpp.hpp **** protected:
 100              		.loc 1 39 7 is_stmt 1
 101              		.cfi_startproc
 102              	.LVL4:
 103 0000 130101FE 		addi	sp,sp,-32
 104              		.cfi_def_cfa_offset 32
 105 0004 233C1100 		sd	ra,24(sp)
 106 0008 23388100 		sd	s0,16(sp)
 107 000c 23349100 		sd	s1,8(sp)
 108              		.cfi_offset 1, -8
 109              		.cfi_offset 8, -16
 110              		.cfi_offset 9, -24
 111 0010 13040102 		addi	s0,sp,32
 112              		.cfi_def_cfa 8, 0
 113 0014 93040500 		mv	s1,a0
 114              	.LVL5:
 115              	.LBB6:
 116              	.LBB7:
  39:src/../h/syscall_cpp.hpp **** protected:
 117              		.loc 1 39 7 is_stmt 0
 118 0018 97070000 		lla	a5,_ZTV14PeriodicThread+16
 118      93870700 
 119 0020 2330F500 		sd	a5,0(a0)
 120 0024 97000000 		call	_ZN6ThreadD2Ev@plt
 120      E7800000 
 121              	.LVL6:
 122              	.LBE7:
 123              	.LBE6:
 124 002c 13850400 		mv	a0,s1
 125 0030 97000000 		call	_ZdlPv@plt
 125      E7800000 
 126              	.LVL7:
 127 0038 83308101 		ld	ra,24(sp)
GAS LISTING /tmp/cctCfjln.s 			page 4


 128              		.cfi_restore 1
 129 003c 03340101 		ld	s0,16(sp)
 130              		.cfi_restore 8
 131              		.cfi_def_cfa 2, 32
 132 0040 83348100 		ld	s1,8(sp)
 133              		.cfi_restore 9
 134              	.LVL8:
 135 0044 13010102 		addi	sp,sp,32
 136              		.cfi_def_cfa_offset 0
 137 0048 67800000 		jr	ra
 138              		.cfi_endproc
 139              	.LFE46:
 141              		.text
 142              		.align	2
 143              		.globl	_ZN14PeriodicThread7wrapperEPv
 145              	_ZN14PeriodicThread7wrapperEPv:
 146              	.LFB38:
 147              		.file 2 "src/PeriodicThread.cpp"
   1:src/PeriodicThread.cpp **** //
   2:src/PeriodicThread.cpp **** // Created by os on 8/21/22.
   3:src/PeriodicThread.cpp **** //
   4:src/PeriodicThread.cpp **** #include "../h/syscall_cpp.hpp"
   5:src/PeriodicThread.cpp **** struct Arg{
   6:src/PeriodicThread.cpp ****     PeriodicThread* thread;
   7:src/PeriodicThread.cpp ****     time_t period;
   8:src/PeriodicThread.cpp **** };
   9:src/PeriodicThread.cpp **** PeriodicThread::PeriodicThread(time_t period):Thread(wrapper,(void*)(new (Arg){this,period})),work(
  10:src/PeriodicThread.cpp **** }
  11:src/PeriodicThread.cpp **** 
  12:src/PeriodicThread.cpp **** void PeriodicThread::wrapper(void *arg) {
 148              		.loc 2 12 41 is_stmt 1
 149              		.cfi_startproc
 150              	.LVL9:
 151 0000 130101FE 		addi	sp,sp,-32
 152              		.cfi_def_cfa_offset 32
 153 0004 233C1100 		sd	ra,24(sp)
 154 0008 23388100 		sd	s0,16(sp)
 155 000c 23349100 		sd	s1,8(sp)
 156              		.cfi_offset 1, -8
 157              		.cfi_offset 8, -16
 158              		.cfi_offset 9, -24
 159 0010 13040102 		addi	s0,sp,32
 160              		.cfi_def_cfa 8, 0
 161 0014 93040500 		mv	s1,a0
  13:src/PeriodicThread.cpp ****     Arg* par=(Arg*)arg;
 162              		.loc 2 13 5
 163              	.LVL10:
 164              	.L11:
  14:src/PeriodicThread.cpp ****     while(par->thread->work){
 165              		.loc 2 14 5
 166              		.loc 2 14 24
 167              		.loc 2 14 16 is_stmt 0
 168 0018 83B70400 		ld	a5,0(s1)
 169              		.loc 2 14 24
 170 001c 83C70701 		lbu	a5,16(a5)
 171 0020 63820702 		beqz	a5,.L10
  15:src/PeriodicThread.cpp ****         time_sleep(par->period);
GAS LISTING /tmp/cctCfjln.s 			page 5


 172              		.loc 2 15 9 is_stmt 1
 173              		.loc 2 15 19 is_stmt 0
 174 0024 03B58400 		ld	a0,8(s1)
 175 0028 97000000 		call	_Z10time_sleepm@plt
 175      E7800000 
 176              	.LVL11:
  16:src/PeriodicThread.cpp ****         par->thread->periodicActivation();
 177              		.loc 2 16 9 is_stmt 1
 178              		.loc 2 16 14 is_stmt 0
 179 0030 03B50400 		ld	a0,0(s1)
 180              		.loc 2 16 41
 181 0034 83370500 		ld	a5,0(a0)
 182 0038 83B78701 		ld	a5,24(a5)
 183              		.loc 2 16 40
 184 003c E7800700 		jalr	a5
 185              	.LVL12:
  14:src/PeriodicThread.cpp ****     while(par->thread->work){
 186              		.loc 2 14 5
 187 0040 6FF09FFD 		j	.L11
 188              	.L10:
  17:src/PeriodicThread.cpp ****     }
  18:src/PeriodicThread.cpp ****     delete par;
 189              		.loc 2 18 5 is_stmt 1
 190              		.loc 2 18 15 is_stmt 0
 191 0044 63880400 		beqz	s1,.L9
 192              		.loc 2 18 12 discriminator 1
 193 0048 13850400 		mv	a0,s1
 194 004c 97000000 		call	_ZdlPv@plt
 194      E7800000 
 195              	.LVL13:
 196              	.L9:
  19:src/PeriodicThread.cpp **** }
 197              		.loc 2 19 1
 198 0054 83308101 		ld	ra,24(sp)
 199              		.cfi_restore 1
 200 0058 03340101 		ld	s0,16(sp)
 201              		.cfi_restore 8
 202              		.cfi_def_cfa 2, 32
 203 005c 83348100 		ld	s1,8(sp)
 204              		.cfi_restore 9
 205              	.LVL14:
 206 0060 13010102 		addi	sp,sp,32
 207              		.cfi_def_cfa_offset 0
 208 0064 67800000 		jr	ra
 209              		.cfi_endproc
 210              	.LFE38:
 212              		.align	2
 213              		.globl	_ZN14PeriodicThreadC2Em
 215              	_ZN14PeriodicThreadC2Em:
 216              	.LFB36:
   9:src/PeriodicThread.cpp **** }
 217              		.loc 2 9 1 is_stmt 1
 218              		.cfi_startproc
 219              	.LVL15:
 220 0068 130101FE 		addi	sp,sp,-32
 221              		.cfi_def_cfa_offset 32
 222 006c 233C1100 		sd	ra,24(sp)
GAS LISTING /tmp/cctCfjln.s 			page 6


 223 0070 23388100 		sd	s0,16(sp)
 224 0074 23349100 		sd	s1,8(sp)
 225 0078 23302101 		sd	s2,0(sp)
 226              		.cfi_offset 1, -8
 227              		.cfi_offset 8, -16
 228              		.cfi_offset 9, -24
 229              		.cfi_offset 18, -32
 230 007c 13040102 		addi	s0,sp,32
 231              		.cfi_def_cfa 8, 0
 232 0080 93040500 		mv	s1,a0
 233 0084 13890500 		mv	s2,a1
 234              	.LBB8:
   9:src/PeriodicThread.cpp **** }
 235              		.loc 2 9 91 is_stmt 0
 236 0088 13050001 		li	a0,16
 237              	.LVL16:
 238 008c 97000000 		call	_Znwm@plt
 238      E7800000 
 239              	.LVL17:
 240 0094 13060500 		mv	a2,a0
 241 0098 23309500 		sd	s1,0(a0)
 242 009c 23342501 		sd	s2,8(a0)
   9:src/PeriodicThread.cpp **** }
 243              		.loc 2 9 104
 244 00a0 97050000 		lla	a1,_ZN14PeriodicThread7wrapperEPv
 244      93850500 
 245 00a8 13850400 		mv	a0,s1
 246 00ac 97000000 		call	_ZN6ThreadC2EPFvPvES0_@plt
 246      E7800000 
 247              	.LVL18:
 248 00b4 97070000 		lla	a5,_ZTV14PeriodicThread+16
 248      93870700 
 249 00bc 23B0F400 		sd	a5,0(s1)
 250 00c0 93071000 		li	a5,1
 251 00c4 2388F400 		sb	a5,16(s1)
 252              	.LBE8:
  10:src/PeriodicThread.cpp **** 
 253              		.loc 2 10 1
 254 00c8 83308101 		ld	ra,24(sp)
 255              		.cfi_restore 1
 256 00cc 03340101 		ld	s0,16(sp)
 257              		.cfi_restore 8
 258              		.cfi_def_cfa 2, 32
 259 00d0 83348100 		ld	s1,8(sp)
 260              		.cfi_restore 9
 261              	.LVL19:
 262 00d4 03390100 		ld	s2,0(sp)
 263              		.cfi_restore 18
 264              	.LVL20:
 265 00d8 13010102 		addi	sp,sp,32
 266              		.cfi_def_cfa_offset 0
 267 00dc 67800000 		jr	ra
 268              		.cfi_endproc
 269              	.LFE36:
 271              		.globl	_ZN14PeriodicThreadC1Em
 272              		.set	_ZN14PeriodicThreadC1Em,_ZN14PeriodicThreadC2Em
 273              		.align	2
GAS LISTING /tmp/cctCfjln.s 			page 7


 274              		.globl	_ZN14PeriodicThread10stopThreadEv
 276              	_ZN14PeriodicThread10stopThreadEv:
 277              	.LFB39:
  20:src/PeriodicThread.cpp **** 
  21:src/PeriodicThread.cpp **** void PeriodicThread::stopThread() {
 278              		.loc 2 21 35 is_stmt 1
 279              		.cfi_startproc
 280              	.LVL21:
 281 00e0 130101FF 		addi	sp,sp,-16
 282              		.cfi_def_cfa_offset 16
 283 00e4 23348100 		sd	s0,8(sp)
 284              		.cfi_offset 8, -8
 285 00e8 13040101 		addi	s0,sp,16
 286              		.cfi_def_cfa 8, 0
  22:src/PeriodicThread.cpp ****     work=false;
 287              		.loc 2 22 5
 288              		.loc 2 22 9 is_stmt 0
 289 00ec 23080500 		sb	zero,16(a0)
  23:src/PeriodicThread.cpp **** }
 290              		.loc 2 23 1
 291 00f0 03348100 		ld	s0,8(sp)
 292              		.cfi_restore 8
 293              		.cfi_def_cfa 2, 16
 294 00f4 13010101 		addi	sp,sp,16
 295              		.cfi_def_cfa_offset 0
 296 00f8 67800000 		jr	ra
 297              		.cfi_endproc
 298              	.LFE39:
 300              		.weak	_ZTV14PeriodicThread
 301              		.section	.data.rel.ro.local._ZTV14PeriodicThread,"awG",@progbits,_ZTV14PeriodicThread,comdat
 302              		.align	3
 305              	_ZTV14PeriodicThread:
 306 0000 00000000 		.dword	0
 306      00000000 
 307 0008 00000000 		.dword	0
 307      00000000 
 308 0010 00000000 		.dword	_ZN14PeriodicThreadD1Ev
 308      00000000 
 309 0018 00000000 		.dword	_ZN14PeriodicThreadD0Ev
 309      00000000 
 310 0020 00000000 		.dword	_ZN6Thread3runEv
 310      00000000 
 311 0028 00000000 		.dword	_ZN14PeriodicThread18periodicActivationEv
 311      00000000 
 312              		.text
 313              	.Letext0:
 314              		.file 3 "src/../h/../lib/hw.h"
 315              		.file 4 "src/../h/syscall_c.h"
GAS LISTING /tmp/cctCfjln.s 			page 8


DEFINED SYMBOLS
                            *ABS*:0000000000000000 PeriodicThread.cpp
     /tmp/cctCfjln.s:10     .text._ZN6Thread3runEv:0000000000000000 _ZN6Thread3runEv
     /tmp/cctCfjln.s:14     .text._ZN6Thread3runEv:0000000000000000 .L0 
     /tmp/cctCfjln.s:16     .text._ZN6Thread3runEv:0000000000000000 .L0 
     /tmp/cctCfjln.s:17     .text._ZN6Thread3runEv:0000000000000004 .L0 
     /tmp/cctCfjln.s:19     .text._ZN6Thread3runEv:0000000000000008 .L0 
     /tmp/cctCfjln.s:21     .text._ZN6Thread3runEv:000000000000000c .L0 
     /tmp/cctCfjln.s:23     .text._ZN6Thread3runEv:000000000000000c .L0 
     /tmp/cctCfjln.s:24     .text._ZN6Thread3runEv:0000000000000010 .L0 
     /tmp/cctCfjln.s:25     .text._ZN6Thread3runEv:0000000000000010 .L0 
     /tmp/cctCfjln.s:27     .text._ZN6Thread3runEv:0000000000000014 .L0 
     /tmp/cctCfjln.s:29     .text._ZN6Thread3runEv:0000000000000018 .L0 
     /tmp/cctCfjln.s:36     .text._ZN14PeriodicThread18periodicActivationEv:0000000000000000 _ZN14PeriodicThread18periodicActivationEv
     /tmp/cctCfjln.s:39     .text._ZN14PeriodicThread18periodicActivationEv:0000000000000000 .L0 
     /tmp/cctCfjln.s:41     .text._ZN14PeriodicThread18periodicActivationEv:0000000000000000 .L0 
     /tmp/cctCfjln.s:42     .text._ZN14PeriodicThread18periodicActivationEv:0000000000000004 .L0 
     /tmp/cctCfjln.s:44     .text._ZN14PeriodicThread18periodicActivationEv:0000000000000008 .L0 
     /tmp/cctCfjln.s:46     .text._ZN14PeriodicThread18periodicActivationEv:000000000000000c .L0 
     /tmp/cctCfjln.s:48     .text._ZN14PeriodicThread18periodicActivationEv:000000000000000c .L0 
     /tmp/cctCfjln.s:49     .text._ZN14PeriodicThread18periodicActivationEv:0000000000000010 .L0 
     /tmp/cctCfjln.s:50     .text._ZN14PeriodicThread18periodicActivationEv:0000000000000010 .L0 
     /tmp/cctCfjln.s:52     .text._ZN14PeriodicThread18periodicActivationEv:0000000000000014 .L0 
     /tmp/cctCfjln.s:54     .text._ZN14PeriodicThread18periodicActivationEv:0000000000000018 .L0 
     /tmp/cctCfjln.s:61     .text._ZN14PeriodicThreadD2Ev:0000000000000000 _ZN14PeriodicThreadD2Ev
     /tmp/cctCfjln.s:64     .text._ZN14PeriodicThreadD2Ev:0000000000000000 .L0 
     /tmp/cctCfjln.s:66     .text._ZN14PeriodicThreadD2Ev:0000000000000000 .L0 
     /tmp/cctCfjln.s:67     .text._ZN14PeriodicThreadD2Ev:0000000000000004 .L0 
     /tmp/cctCfjln.s:70     .text._ZN14PeriodicThreadD2Ev:000000000000000c .L0 
     /tmp/cctCfjln.s:71     .text._ZN14PeriodicThreadD2Ev:000000000000000c .L0 
     /tmp/cctCfjln.s:73     .text._ZN14PeriodicThreadD2Ev:0000000000000010 .L0 
     /tmp/cctCfjln.s:305    .data.rel.ro.local._ZTV14PeriodicThread:0000000000000000 _ZTV14PeriodicThread
     /tmp/cctCfjln.s:76     .text._ZN14PeriodicThreadD2Ev:0000000000000010 .L0 
     /tmp/cctCfjln.s:82     .text._ZN14PeriodicThreadD2Ev:0000000000000028 .L0 
     /tmp/cctCfjln.s:84     .text._ZN14PeriodicThreadD2Ev:000000000000002c .L0 
     /tmp/cctCfjln.s:85     .text._ZN14PeriodicThreadD2Ev:000000000000002c .L0 
     /tmp/cctCfjln.s:87     .text._ZN14PeriodicThreadD2Ev:0000000000000030 .L0 
     /tmp/cctCfjln.s:89     .text._ZN14PeriodicThreadD2Ev:0000000000000034 .L0 
     /tmp/cctCfjln.s:61     .text._ZN14PeriodicThreadD2Ev:0000000000000000 _ZN14PeriodicThreadD1Ev
     /tmp/cctCfjln.s:98     .text._ZN14PeriodicThreadD0Ev:0000000000000000 _ZN14PeriodicThreadD0Ev
     /tmp/cctCfjln.s:101    .text._ZN14PeriodicThreadD0Ev:0000000000000000 .L0 
     /tmp/cctCfjln.s:103    .text._ZN14PeriodicThreadD0Ev:0000000000000000 .L0 
     /tmp/cctCfjln.s:104    .text._ZN14PeriodicThreadD0Ev:0000000000000004 .L0 
     /tmp/cctCfjln.s:108    .text._ZN14PeriodicThreadD0Ev:0000000000000010 .L0 
     /tmp/cctCfjln.s:109    .text._ZN14PeriodicThreadD0Ev:0000000000000010 .L0 
     /tmp/cctCfjln.s:110    .text._ZN14PeriodicThreadD0Ev:0000000000000010 .L0 
     /tmp/cctCfjln.s:112    .text._ZN14PeriodicThreadD0Ev:0000000000000014 .L0 
     /tmp/cctCfjln.s:118    .text._ZN14PeriodicThreadD0Ev:0000000000000018 .L0 
     /tmp/cctCfjln.s:128    .text._ZN14PeriodicThreadD0Ev:000000000000003c .L0 
     /tmp/cctCfjln.s:130    .text._ZN14PeriodicThreadD0Ev:0000000000000040 .L0 
     /tmp/cctCfjln.s:131    .text._ZN14PeriodicThreadD0Ev:0000000000000040 .L0 
     /tmp/cctCfjln.s:133    .text._ZN14PeriodicThreadD0Ev:0000000000000044 .L0 
     /tmp/cctCfjln.s:136    .text._ZN14PeriodicThreadD0Ev:0000000000000048 .L0 
     /tmp/cctCfjln.s:138    .text._ZN14PeriodicThreadD0Ev:000000000000004c .L0 
     /tmp/cctCfjln.s:145    .text:0000000000000000 _ZN14PeriodicThread7wrapperEPv
     /tmp/cctCfjln.s:149    .text:0000000000000000 .L0 
     /tmp/cctCfjln.s:151    .text:0000000000000000 .L0 
GAS LISTING /tmp/cctCfjln.s 			page 9


     /tmp/cctCfjln.s:152    .text:0000000000000004 .L0 
     /tmp/cctCfjln.s:156    .text:0000000000000010 .L0 
     /tmp/cctCfjln.s:157    .text:0000000000000010 .L0 
     /tmp/cctCfjln.s:158    .text:0000000000000010 .L0 
     /tmp/cctCfjln.s:160    .text:0000000000000014 .L0 
     /tmp/cctCfjln.s:165    .text:0000000000000018 .L0 
     /tmp/cctCfjln.s:166    .text:0000000000000018 .L0 
     /tmp/cctCfjln.s:167    .text:0000000000000018 .L0 
     /tmp/cctCfjln.s:168    .text:0000000000000018 .L0 
     /tmp/cctCfjln.s:170    .text:000000000000001c .L0 
     /tmp/cctCfjln.s:173    .text:0000000000000024 .L0 
     /tmp/cctCfjln.s:174    .text:0000000000000024 .L0 
     /tmp/cctCfjln.s:178    .text:0000000000000030 .L0 
     /tmp/cctCfjln.s:179    .text:0000000000000030 .L0 
     /tmp/cctCfjln.s:181    .text:0000000000000034 .L0 
     /tmp/cctCfjln.s:184    .text:000000000000003c .L0 
     /tmp/cctCfjln.s:187    .text:0000000000000040 .L0 
     /tmp/cctCfjln.s:190    .text:0000000000000044 .L0 
     /tmp/cctCfjln.s:191    .text:0000000000000044 .L0 
     /tmp/cctCfjln.s:193    .text:0000000000000048 .L0 
     /tmp/cctCfjln.s:198    .text:0000000000000054 .L0 
     /tmp/cctCfjln.s:199    .text:0000000000000058 .L0 
     /tmp/cctCfjln.s:201    .text:000000000000005c .L0 
     /tmp/cctCfjln.s:202    .text:000000000000005c .L0 
     /tmp/cctCfjln.s:204    .text:0000000000000060 .L0 
     /tmp/cctCfjln.s:207    .text:0000000000000064 .L0 
     /tmp/cctCfjln.s:209    .text:0000000000000068 .L0 
     /tmp/cctCfjln.s:215    .text:0000000000000068 _ZN14PeriodicThreadC2Em
     /tmp/cctCfjln.s:218    .text:0000000000000068 .L0 
     /tmp/cctCfjln.s:220    .text:0000000000000068 .L0 
     /tmp/cctCfjln.s:221    .text:000000000000006c .L0 
     /tmp/cctCfjln.s:226    .text:000000000000007c .L0 
     /tmp/cctCfjln.s:227    .text:000000000000007c .L0 
     /tmp/cctCfjln.s:228    .text:000000000000007c .L0 
     /tmp/cctCfjln.s:229    .text:000000000000007c .L0 
     /tmp/cctCfjln.s:231    .text:0000000000000080 .L0 
     /tmp/cctCfjln.s:236    .text:0000000000000088 .L0 
     /tmp/cctCfjln.s:244    .text:00000000000000a0 .L0 
     /tmp/cctCfjln.s:254    .text:00000000000000c8 .L0 
     /tmp/cctCfjln.s:255    .text:00000000000000cc .L0 
     /tmp/cctCfjln.s:257    .text:00000000000000d0 .L0 
     /tmp/cctCfjln.s:258    .text:00000000000000d0 .L0 
     /tmp/cctCfjln.s:260    .text:00000000000000d4 .L0 
     /tmp/cctCfjln.s:263    .text:00000000000000d8 .L0 
     /tmp/cctCfjln.s:266    .text:00000000000000dc .L0 
     /tmp/cctCfjln.s:268    .text:00000000000000e0 .L0 
     /tmp/cctCfjln.s:215    .text:0000000000000068 _ZN14PeriodicThreadC1Em
     /tmp/cctCfjln.s:276    .text:00000000000000e0 _ZN14PeriodicThread10stopThreadEv
     /tmp/cctCfjln.s:279    .text:00000000000000e0 .L0 
     /tmp/cctCfjln.s:281    .text:00000000000000e0 .L0 
     /tmp/cctCfjln.s:282    .text:00000000000000e4 .L0 
     /tmp/cctCfjln.s:284    .text:00000000000000e8 .L0 
     /tmp/cctCfjln.s:286    .text:00000000000000ec .L0 
     /tmp/cctCfjln.s:288    .text:00000000000000ec .L0 
     /tmp/cctCfjln.s:289    .text:00000000000000ec .L0 
     /tmp/cctCfjln.s:291    .text:00000000000000f0 .L0 
     /tmp/cctCfjln.s:292    .text:00000000000000f4 .L0 
GAS LISTING /tmp/cctCfjln.s 			page 10


     /tmp/cctCfjln.s:293    .text:00000000000000f4 .L0 
     /tmp/cctCfjln.s:295    .text:00000000000000f8 .L0 
     /tmp/cctCfjln.s:297    .text:00000000000000fc .L0 
     /tmp/cctCfjln.s:32     .text._ZN6Thread3runEv:0000000000000018 .L0 
     /tmp/cctCfjln.s:57     .text._ZN14PeriodicThread18periodicActivationEv:0000000000000018 .L0 
     /tmp/cctCfjln.s:94     .text._ZN14PeriodicThreadD2Ev:0000000000000034 .L0 
     /tmp/cctCfjln.s:141    .text._ZN14PeriodicThreadD0Ev:000000000000004c .L0 
     /tmp/cctCfjln.s:316    .text:00000000000000fc .L0 
     /tmp/cctCfjln.s:244    .text:00000000000000a0 .L0 
     /tmp/cctCfjln.s:248    .text:00000000000000b4 .L0 
     /tmp/cctCfjln.s:188    .text:0000000000000044 .L10
     /tmp/cctCfjln.s:164    .text:0000000000000018 .L11
     /tmp/cctCfjln.s:196    .text:0000000000000054 .L9
     /tmp/cctCfjln.s:76     .text._ZN14PeriodicThreadD2Ev:0000000000000010 .L0 
     /tmp/cctCfjln.s:118    .text._ZN14PeriodicThreadD0Ev:0000000000000018 .L0 
     /tmp/cctCfjln.s:859    .debug_abbrev:0000000000000000 .Ldebug_abbrev0
     /tmp/cctCfjln.s:1762   .debug_str:00000000000002d9 .LASF39
     /tmp/cctCfjln.s:1674   .debug_str:0000000000000000 .LASF40
     /tmp/cctCfjln.s:1744   .debug_str:0000000000000238 .LASF41
     /tmp/cctCfjln.s:1658   .debug_ranges:0000000000000000 .Ldebug_ranges0
     /tmp/cctCfjln.s:1672   .debug_line:0000000000000000 .Ldebug_line0
     /tmp/cctCfjln.s:1730   .debug_str:00000000000001de .LASF0
     /tmp/cctCfjln.s:1710   .debug_str:0000000000000109 .LASF1
     /tmp/cctCfjln.s:1728   .debug_str:00000000000001d0 .LASF2
     /tmp/cctCfjln.s:1688   .debug_str:0000000000000066 .LASF4
     /tmp/cctCfjln.s:1708   .debug_str:00000000000000f7 .LASF3
     /tmp/cctCfjln.s:1678   .debug_str:0000000000000025 .LASF5
     /tmp/cctCfjln.s:1738   .debug_str:000000000000020b .LASF6
     /tmp/cctCfjln.s:1758   .debug_str:00000000000002b7 .LASF7
     /tmp/cctCfjln.s:1698   .debug_str:00000000000000b6 .LASF8
     /tmp/cctCfjln.s:1740   .debug_str:0000000000000212 .LASF9
     /tmp/cctCfjln.s:1676   .debug_str:0000000000000017 .LASF10
     /tmp/cctCfjln.s:1774   .debug_str:00000000000003e6 .LASF11
     /tmp/cctCfjln.s:1700   .debug_str:00000000000000c9 .LASF12
     /tmp/cctCfjln.s:1764   .debug_str:000000000000039d .LASF13
     /tmp/cctCfjln.s:1746   .debug_str:000000000000025d .LASF14
     /tmp/cctCfjln.s:1714   .debug_str:0000000000000123 .LASF15
     /tmp/cctCfjln.s:1684   .debug_str:0000000000000049 .LASF16
     /tmp/cctCfjln.s:1742   .debug_str:0000000000000222 .LASF17
     /tmp/cctCfjln.s:1736   .debug_str:0000000000000206 .LASF18
     /tmp/cctCfjln.s:1692   .debug_str:0000000000000088 .LASF19
     /tmp/cctCfjln.s:1712   .debug_str:000000000000011c .LASF20
     /tmp/cctCfjln.s:1686   .debug_str:000000000000005f .LASF21
     /tmp/cctCfjln.s:1760   .debug_str:00000000000002ca .LASF22
     /tmp/cctCfjln.s:1724   .debug_str:0000000000000194 .LASF23
     /tmp/cctCfjln.s:1690   .debug_str:000000000000006d .LASF24
     /tmp/cctCfjln.s:1694   .debug_str:000000000000008d .LASF26
     /tmp/cctCfjln.s:1704   .debug_str:00000000000000df .LASF42
     /tmp/cctCfjln.s:1718   .debug_str:000000000000013a .LASF43
     /tmp/cctCfjln.s:1716   .debug_str:000000000000012f .LASF25
     /tmp/cctCfjln.s:1726   .debug_str:00000000000001ae .LASF27
     /tmp/cctCfjln.s:1682   .debug_str:0000000000000044 .LASF28
     /tmp/cctCfjln.s:1752   .debug_str:0000000000000295 .LASF29
     /tmp/cctCfjln.s:1772   .debug_str:00000000000003c7 .LASF44
     /tmp/cctCfjln.s:1756   .debug_str:00000000000002a7 .LASF45
     /tmp/cctCfjln.s:1720   .debug_str:0000000000000164 .LASF46
     /tmp/cctCfjln.s:1702   .debug_str:00000000000000d8 .LASF47
GAS LISTING /tmp/cctCfjln.s 			page 11


     /tmp/cctCfjln.s:1696   .debug_str:00000000000000a5 .LASF48
     /tmp/cctCfjln.s:1706   .debug_str:00000000000000f2 .LASF30
     /tmp/cctCfjln.s:1754   .debug_str:000000000000029d .LASF31
     /tmp/cctCfjln.s:1680   .debug_str:000000000000002c .LASF32
     /tmp/cctCfjln.s:99     .text._ZN14PeriodicThreadD0Ev:0000000000000000 .LFB46
     /tmp/cctCfjln.s:139    .text._ZN14PeriodicThreadD0Ev:000000000000004c .LFE46
     /tmp/cctCfjln.s:1526   .debug_loc:0000000000000000 .LLST1
     /tmp/cctCfjln.s:115    .text._ZN14PeriodicThreadD0Ev:0000000000000018 .LBB6
     /tmp/cctCfjln.s:123    .text._ZN14PeriodicThreadD0Ev:000000000000002c .LBE6
     /tmp/cctCfjln.s:1544   .debug_loc:000000000000004c .LLST2
     /tmp/cctCfjln.s:121    .text._ZN14PeriodicThreadD0Ev:000000000000002c .LVL6
     /tmp/cctCfjln.s:126    .text._ZN14PeriodicThreadD0Ev:0000000000000038 .LVL7
     /tmp/cctCfjln.s:1748   .debug_str:000000000000026d .LASF33
     /tmp/cctCfjln.s:62     .text._ZN14PeriodicThreadD2Ev:0000000000000000 .LFB44
     /tmp/cctCfjln.s:90     .text._ZN14PeriodicThreadD2Ev:0000000000000034 .LFE44
     /tmp/cctCfjln.s:1555   .debug_loc:0000000000000082 .LLST0
     /tmp/cctCfjln.s:79     .text._ZN14PeriodicThreadD2Ev:0000000000000024 .LVL3
     /tmp/cctCfjln.s:277    .text:00000000000000e0 .LFB39
     /tmp/cctCfjln.s:298    .text:00000000000000fc .LFE39
     /tmp/cctCfjln.s:146    .text:0000000000000000 .LFB38
     /tmp/cctCfjln.s:210    .text:0000000000000068 .LFE38
     /tmp/cctCfjln.s:1569   .debug_loc:00000000000000bb .LLST3
     /tmp/cctCfjln.s:1587   .debug_loc:0000000000000107 .LLST4
     /tmp/cctCfjln.s:176    .text:0000000000000030 .LVL11
     /tmp/cctCfjln.s:195    .text:0000000000000054 .LVL13
     /tmp/cctCfjln.s:1722   .debug_str:000000000000017c .LASF34
     /tmp/cctCfjln.s:216    .text:0000000000000068 .LFB36
     /tmp/cctCfjln.s:269    .text:00000000000000e0 .LFE36
     /tmp/cctCfjln.s:1601   .debug_loc:0000000000000140 .LLST5
     /tmp/cctCfjln.s:1619   .debug_loc:000000000000018c .LLST6
     /tmp/cctCfjln.s:239    .text:0000000000000094 .LVL17
     /tmp/cctCfjln.s:247    .text:00000000000000b4 .LVL18
     /tmp/cctCfjln.s:37     .text._ZN14PeriodicThread18periodicActivationEv:0000000000000000 .LFB34
     /tmp/cctCfjln.s:55     .text._ZN14PeriodicThread18periodicActivationEv:0000000000000018 .LFE34
     /tmp/cctCfjln.s:11     .text._ZN6Thread3runEv:0000000000000000 .LFB33
     /tmp/cctCfjln.s:30     .text._ZN6Thread3runEv:0000000000000018 .LFE33
     /tmp/cctCfjln.s:1766   .debug_str:00000000000003ad .LASF35
     /tmp/cctCfjln.s:1734   .debug_str:00000000000001f6 .LASF37
     /tmp/cctCfjln.s:1750   .debug_str:0000000000000285 .LASF49
     /tmp/cctCfjln.s:1732   .debug_str:00000000000001eb .LASF50
     /tmp/cctCfjln.s:1770   .debug_str:00000000000003c1 .LASF36
     /tmp/cctCfjln.s:1768   .debug_str:00000000000003b4 .LASF38
     /tmp/cctCfjln.s:102    .text._ZN14PeriodicThreadD0Ev:0000000000000000 .LVL4
     /tmp/cctCfjln.s:134    .text._ZN14PeriodicThreadD0Ev:0000000000000044 .LVL8
     /tmp/cctCfjln.s:114    .text._ZN14PeriodicThreadD0Ev:0000000000000018 .LVL5
     /tmp/cctCfjln.s:65     .text._ZN14PeriodicThreadD2Ev:0000000000000000 .LVL2
     /tmp/cctCfjln.s:150    .text:0000000000000000 .LVL9
     /tmp/cctCfjln.s:163    .text:0000000000000018 .LVL10
     /tmp/cctCfjln.s:205    .text:0000000000000060 .LVL14
     /tmp/cctCfjln.s:219    .text:0000000000000068 .LVL15
     /tmp/cctCfjln.s:237    .text:000000000000008c .LVL16
     /tmp/cctCfjln.s:261    .text:00000000000000d4 .LVL19
     /tmp/cctCfjln.s:264    .text:00000000000000d8 .LVL20
     /tmp/cctCfjln.s:317    .debug_info:0000000000000000 .Ldebug_info0
     /tmp/cctCfjln.s:5      .text:0000000000000000 .Ltext0
     /tmp/cctCfjln.s:313    .text:00000000000000fc .Letext0
                           .group:0000000000000000 _ZN14PeriodicThreadD5Ev
GAS LISTING /tmp/cctCfjln.s 			page 12



UNDEFINED SYMBOLS
_ZN6ThreadD2Ev
_ZdlPv
_Z10time_sleepm
_Znwm
_ZN6ThreadC2EPFvPvES0_
